E:\GITHUB\ALGORITHMS\TRIETREE\TRIETREE\TRIETREE\DEBUG\TRIETREE.OBJ
E:\GITHUB\ALGORITHMS\TRIETREE\TRIETREE\TRIETREE\DEBUG\VC110.PDB
E:\GITHUB\ALGORITHMS\TRIETREE\TRIETREE\DEBUG\TRIETREE.ILK
E:\GITHUB\ALGORITHMS\TRIETREE\TRIETREE\DEBUG\TRIETREE.EXE
E:\GITHUB\ALGORITHMS\TRIETREE\TRIETREE\DEBUG\TRIETREE.PDB
E:\Github\Algorithms\TrieTree\TrieTree\TrieTree\Debug\trietree.obj
E:\Github\Algorithms\TrieTree\TrieTree\TrieTree\Debug\cl.command.1.tlog
E:\Github\Algorithms\TrieTree\TrieTree\TrieTree\Debug\CL.read.1.tlog
E:\Github\Algorithms\TrieTree\TrieTree\TrieTree\Debug\CL.write.1.tlog
E:\Github\Algorithms\TrieTree\TrieTree\TrieTree\Debug\link-cvtres.read.1.tlog
E:\Github\Algorithms\TrieTree\TrieTree\TrieTree\Debug\link-cvtres.write.1.tlog
E:\Github\Algorithms\TrieTree\TrieTree\TrieTree\Debug\link-rc.read.1.tlog
E:\Github\Algorithms\TrieTree\TrieTree\TrieTree\Debug\link-rc.write.1.tlog
E:\Github\Algorithms\TrieTree\TrieTree\TrieTree\Debug\link.2548-cvtres.read.1.tlog
E:\Github\Algorithms\TrieTree\TrieTree\TrieTree\Debug\link.2548-cvtres.write.1.tlog
E:\Github\Algorithms\TrieTree\TrieTree\TrieTree\Debug\link.2548-rc.read.1.tlog
E:\Github\Algorithms\TrieTree\TrieTree\TrieTree\Debug\link.2548-rc.write.1.tlog
E:\Github\Algorithms\TrieTree\TrieTree\TrieTree\Debug\link.2548.read.1.tlog
E:\Github\Algorithms\TrieTree\TrieTree\TrieTree\Debug\link.2548.write.1.tlog
E:\Github\Algorithms\TrieTree\TrieTree\TrieTree\Debug\link.3604-cvtres.read.1.tlog
E:\Github\Algorithms\TrieTree\TrieTree\TrieTree\Debug\link.3604-cvtres.write.1.tlog
E:\Github\Algorithms\TrieTree\TrieTree\TrieTree\Debug\link.3604-rc.read.1.tlog
E:\Github\Algorithms\TrieTree\TrieTree\TrieTree\Debug\link.3604-rc.write.1.tlog
E:\Github\Algorithms\TrieTree\TrieTree\TrieTree\Debug\link.3604.read.1.tlog
E:\Github\Algorithms\TrieTree\TrieTree\TrieTree\Debug\link.3604.write.1.tlog
E:\Github\Algorithms\TrieTree\TrieTree\TrieTree\Debug\link.command.1.tlog
E:\Github\Algorithms\TrieTree\TrieTree\TrieTree\Debug\link.read.1.tlog
E:\Github\Algorithms\TrieTree\TrieTree\TrieTree\Debug\link.write.1.tlog
E:\Github\Algorithms\TrieTree\TrieTree\TrieTree\Debug\vc110.idb
E:\Github\Algorithms\TrieTree\TrieTree\TrieTree\Debug\vc110.pdb
E:\Github\Algorithms\TrieTree\TrieTree\Debug\TrieTree.pdb
E:\Github\Algorithms\TrieTree\TrieTree\Debug\TrieTree.exe
E:\Github\Algorithms\TrieTree\TrieTree\Debug\TrieTree.ilk
